This is pdfTeX, Version 3.14159265-2.6-1.40.20 (TeX Live 2019) (preloaded format=pdflatex 2019.6.26)  3 NOV 2020 14:17
entering extended mode
 restricted \write18 enabled.
 %&-line parsing enabled.
**UsersGuide.tex
(./UsersGuide.tex
LaTeX2e <2018-12-01>
(/opt/texlive/2019/texmf-dist/tex/latex/base/book.cls
Document Class: book 2018/09/03 v1.4i Standard LaTeX document class
(/opt/texlive/2019/texmf-dist/tex/latex/base/bk11.clo
File: bk11.clo 2018/09/03 v1.4i Standard LaTeX file (size option)
)
\c@part=\count80
\c@chapter=\count81
\c@section=\count82
\c@subsection=\count83
\c@subsubsection=\count84
\c@paragraph=\count85
\c@subparagraph=\count86
\c@figure=\count87
\c@table=\count88
\abovecaptionskip=\skip41
\belowcaptionskip=\skip42
\bibindent=\dimen102
)
(/opt/texlive/2019/texmf-dist/tex/latex/geometry/geometry.sty
Package: geometry 2018/04/16 v5.8 Page Geometry

(/opt/texlive/2019/texmf-dist/tex/latex/graphics/keyval.sty
Package: keyval 2014/10/28 v1.15 key=value parser (DPC)
\KV@toks@=\toks14
)
(/opt/texlive/2019/texmf-dist/tex/generic/oberdiek/ifpdf.sty
Package: ifpdf 2018/09/07 v3.3 Provides the ifpdf switch
)
(/opt/texlive/2019/texmf-dist/tex/generic/oberdiek/ifvtex.sty
Package: ifvtex 2016/05/16 v1.6 Detect VTeX and its facilities (HO)
Package ifvtex Info: VTeX not detected.
)
(/opt/texlive/2019/texmf-dist/tex/generic/ifxetex/ifxetex.sty
Package: ifxetex 2010/09/12 v0.6 Provides ifxetex conditional
)
\Gm@cnth=\count89
\Gm@cntv=\count90
\c@Gm@tempcnt=\count91
\Gm@bindingoffset=\dimen103
\Gm@wd@mp=\dimen104
\Gm@odd@mp=\dimen105
\Gm@even@mp=\dimen106
\Gm@layoutwidth=\dimen107
\Gm@layoutheight=\dimen108
\Gm@layouthoffset=\dimen109
\Gm@layoutvoffset=\dimen110
\Gm@dimlist=\toks15
)
(/opt/texlive/2019/texmf-dist/tex/latex/amsmath/amsmath.sty
Package: amsmath 2018/12/01 v2.17b AMS math features
\@mathmargin=\skip43

For additional information on amsmath, use the `?' option.
(/opt/texlive/2019/texmf-dist/tex/latex/amsmath/amstext.sty
Package: amstext 2000/06/29 v2.01 AMS text

(/opt/texlive/2019/texmf-dist/tex/latex/amsmath/amsgen.sty
File: amsgen.sty 1999/11/30 v2.0 generic functions
\@emptytoks=\toks16
\ex@=\dimen111
))
(/opt/texlive/2019/texmf-dist/tex/latex/amsmath/amsbsy.sty
Package: amsbsy 1999/11/29 v1.2d Bold Symbols
\pmbraise@=\dimen112
)
(/opt/texlive/2019/texmf-dist/tex/latex/amsmath/amsopn.sty
Package: amsopn 2016/03/08 v2.02 operator names
)
\inf@bad=\count92
LaTeX Info: Redefining \frac on input line 223.
\uproot@=\count93
\leftroot@=\count94
LaTeX Info: Redefining \overline on input line 385.
\classnum@=\count95
\DOTSCASE@=\count96
LaTeX Info: Redefining \ldots on input line 482.
LaTeX Info: Redefining \dots on input line 485.
LaTeX Info: Redefining \cdots on input line 606.
\Mathstrutbox@=\box27
\strutbox@=\box28
\big@size=\dimen113
LaTeX Font Info:    Redeclaring font encoding OML on input line 729.
LaTeX Font Info:    Redeclaring font encoding OMS on input line 730.
\macc@depth=\count97
\c@MaxMatrixCols=\count98
\dotsspace@=\muskip10
\c@parentequation=\count99
\dspbrk@lvl=\count100
\tag@help=\toks17
\row@=\count101
\column@=\count102
\maxfields@=\count103
\andhelp@=\toks18
\eqnshift@=\dimen114
\alignsep@=\dimen115
\tagshift@=\dimen116
\tagwidth@=\dimen117
\totwidth@=\dimen118
\lineht@=\dimen119
\@envbody=\toks19
\multlinegap=\skip44
\multlinetaggap=\skip45
\mathdisplay@stack=\toks20
LaTeX Info: Redefining \[ on input line 2844.
LaTeX Info: Redefining \] on input line 2845.
)
(/opt/texlive/2019/texmf-dist/tex/latex/amsfonts/amssymb.sty
Package: amssymb 2013/01/14 v3.01 AMS font symbols

(/opt/texlive/2019/texmf-dist/tex/latex/amsfonts/amsfonts.sty
Package: amsfonts 2013/01/14 v3.01 Basic AMSFonts support
\symAMSa=\mathgroup4
\symAMSb=\mathgroup5
LaTeX Font Info:    Overwriting math alphabet `\mathfrak' in version `bold'
(Font)                  U/euf/m/n --> U/euf/b/n on input line 106.
))
(/opt/texlive/2019/texmf-dist/tex/latex/graphics/epsfig.sty
Package: epsfig 2017/06/25 v1.7b (e)psfig emulation (SPQR)

(/opt/texlive/2019/texmf-dist/tex/latex/graphics/graphicx.sty
Package: graphicx 2017/06/01 v1.1a Enhanced LaTeX Graphics (DPC,SPQR)

(/opt/texlive/2019/texmf-dist/tex/latex/graphics/graphics.sty
Package: graphics 2017/06/25 v1.2c Standard LaTeX Graphics (DPC,SPQR)

(/opt/texlive/2019/texmf-dist/tex/latex/graphics/trig.sty
Package: trig 2016/01/03 v1.10 sin cos tan (DPC)
)
(/opt/texlive/2019/texmf-dist/tex/latex/graphics-cfg/graphics.cfg
File: graphics.cfg 2016/06/04 v1.11 sample graphics configuration
)
Package graphics Info: Driver file: pdftex.def on input line 99.

(/opt/texlive/2019/texmf-dist/tex/latex/graphics-def/pdftex.def
File: pdftex.def 2018/01/08 v1.0l Graphics/color driver for pdftex
))
\Gin@req@height=\dimen120
\Gin@req@width=\dimen121
)
\epsfxsize=\dimen122
\epsfysize=\dimen123
)
(/opt/texlive/2019/texmf-dist/tex/latex/fncychap/fncychap.sty
Package: fncychap 2007/07/30 v1.34 LaTeX package (Revised chapters)
\RW=\skip46
\mylen=\skip47
\myhi=\skip48
\px=\skip49
\py=\skip50
\pyy=\skip51
\pxx=\skip52
)
(/opt/texlive/2019/texmf-dist/tex/latex/titlesec/titlesec.sty
Package: titlesec 2016/03/21 v2.10.2 Sectioning titles
\ttl@box=\box29
\beforetitleunit=\skip53
\aftertitleunit=\skip54
\ttl@plus=\dimen124
\ttl@minus=\dimen125
\ttl@toksa=\toks21
\titlewidth=\dimen126
\titlewidthlast=\dimen127
\titlewidthfirst=\dimen128
)
(/opt/texlive/2019/texmf-dist/tex/latex/hyperref/hyperref.sty
Package: hyperref 2018/11/30 v6.88e Hypertext links for LaTeX

(/opt/texlive/2019/texmf-dist/tex/generic/oberdiek/hobsub-hyperref.sty
Package: hobsub-hyperref 2016/05/16 v1.14 Bundle oberdiek, subset hyperref (HO)


(/opt/texlive/2019/texmf-dist/tex/generic/oberdiek/hobsub-generic.sty
Package: hobsub-generic 2016/05/16 v1.14 Bundle oberdiek, subset generic (HO)
Package: hobsub 2016/05/16 v1.14 Construct package bundles (HO)
Package: infwarerr 2016/05/16 v1.4 Providing info/warning/error messages (HO)
Package: ltxcmds 2016/05/16 v1.23 LaTeX kernel commands for general use (HO)
Package: ifluatex 2016/05/16 v1.4 Provides the ifluatex switch (HO)
Package ifluatex Info: LuaTeX not detected.
Package hobsub Info: Skipping package `ifvtex' (already loaded).
Package: intcalc 2016/05/16 v1.2 Expandable calculations with integers (HO)
Package hobsub Info: Skipping package `ifpdf' (already loaded).
Package: etexcmds 2016/05/16 v1.6 Avoid name clashes with e-TeX commands (HO)
Package: kvsetkeys 2016/05/16 v1.17 Key value parser (HO)
Package: kvdefinekeys 2016/05/16 v1.4 Define keys (HO)
Package: pdftexcmds 2018/09/10 v0.29 Utility functions of pdfTeX for LuaTeX (HO
)
Package pdftexcmds Info: LuaTeX not detected.
Package pdftexcmds Info: \pdf@primitive is available.
Package pdftexcmds Info: \pdf@ifprimitive is available.
Package pdftexcmds Info: \pdfdraftmode found.
Package: pdfescape 2016/05/16 v1.14 Implements pdfTeX's escape features (HO)
Package: bigintcalc 2016/05/16 v1.4 Expandable calculations on big integers (HO
)
Package: bitset 2016/05/16 v1.2 Handle bit-vector datatype (HO)
Package: uniquecounter 2016/05/16 v1.3 Provide unlimited unique counter (HO)
)
Package hobsub Info: Skipping package `hobsub' (already loaded).
Package: letltxmacro 2016/05/16 v1.5 Let assignment for LaTeX macros (HO)
Package: hopatch 2016/05/16 v1.3 Wrapper for package hooks (HO)
Package: xcolor-patch 2016/05/16 xcolor patch
Package: atveryend 2016/05/16 v1.9 Hooks at the very end of document (HO)
Package atveryend Info: \enddocument detected (standard20110627).
Package: atbegshi 2016/06/09 v1.18 At begin shipout hook (HO)
Package: refcount 2016/05/16 v3.5 Data extraction from label references (HO)
Package: hycolor 2016/05/16 v1.8 Color options for hyperref/bookmark (HO)
)
(/opt/texlive/2019/texmf-dist/tex/latex/oberdiek/auxhook.sty
Package: auxhook 2016/05/16 v1.4 Hooks for auxiliary files (HO)
)
(/opt/texlive/2019/texmf-dist/tex/latex/oberdiek/kvoptions.sty
Package: kvoptions 2016/05/16 v3.12 Key value format for package options (HO)
)
\@linkdim=\dimen129
\Hy@linkcounter=\count104
\Hy@pagecounter=\count105

(/opt/texlive/2019/texmf-dist/tex/latex/hyperref/pd1enc.def
File: pd1enc.def 2018/11/30 v6.88e Hyperref: PDFDocEncoding definition (HO)
Now handling font encoding PD1 ...
... no UTF-8 mapping file for font encoding PD1
)
\Hy@SavedSpaceFactor=\count106

(/opt/texlive/2019/texmf-dist/tex/latex/latexconfig/hyperref.cfg
File: hyperref.cfg 2002/06/06 v1.2 hyperref configuration of TeXLive
)
Package hyperref Info: Hyper figures OFF on input line 4519.
Package hyperref Info: Link nesting OFF on input line 4524.
Package hyperref Info: Hyper index ON on input line 4527.
Package hyperref Info: Plain pages OFF on input line 4534.
Package hyperref Info: Backreferencing OFF on input line 4539.
Package hyperref Info: Implicit mode ON; LaTeX internals redefined.
Package hyperref Info: Bookmarks ON on input line 4772.
\c@Hy@tempcnt=\count107

(/opt/texlive/2019/texmf-dist/tex/latex/url/url.sty
\Urlmuskip=\muskip11
Package: url 2013/09/16  ver 3.4  Verb mode for urls, etc.
)
LaTeX Info: Redefining \url on input line 5125.
\XeTeXLinkMargin=\dimen130
\Fld@menulength=\count108
\Field@Width=\dimen131
\Fld@charsize=\dimen132
Package hyperref Info: Hyper figures OFF on input line 6380.
Package hyperref Info: Link nesting OFF on input line 6385.
Package hyperref Info: Hyper index ON on input line 6388.
Package hyperref Info: backreferencing OFF on input line 6395.
Package hyperref Info: Link coloring OFF on input line 6400.
Package hyperref Info: Link coloring with OCG OFF on input line 6405.
Package hyperref Info: PDF/A mode OFF on input line 6410.
LaTeX Info: Redefining \ref on input line 6450.
LaTeX Info: Redefining \pageref on input line 6454.
\Hy@abspage=\count109
\c@Item=\count110
\c@Hfootnote=\count111
)
Package hyperref Info: Driver (autodetected): hpdftex.

(/opt/texlive/2019/texmf-dist/tex/latex/hyperref/hpdftex.def
File: hpdftex.def 2018/11/30 v6.88e Hyperref driver for pdfTeX
\Fld@listcount=\count112
\c@bookmark@seq@number=\count113

(/opt/texlive/2019/texmf-dist/tex/latex/oberdiek/rerunfilecheck.sty
Package: rerunfilecheck 2016/05/16 v1.8 Rerun checks for auxiliary files (HO)
Package uniquecounter Info: New unique counter `rerunfilecheck' on input line 2
82.
)
\Hy@SectionHShift=\skip55
)
(/opt/texlive/2019/texmf-dist/tex/latex/graphics/color.sty
Package: color 2016/07/10 v1.1e Standard LaTeX Color (DPC)

(/opt/texlive/2019/texmf-dist/tex/latex/graphics-cfg/color.cfg
File: color.cfg 2016/01/02 v1.6 sample color configuration
)
Package color Info: Driver file: pdftex.def on input line 147.
)
(/opt/texlive/2019/texmf-dist/tex/latex/tools/longtable.sty
Package: longtable 2014/10/28 v4.11 Multi-page Table package (DPC)+ FMi change
\LTleft=\skip56
\LTright=\skip57
\LTpre=\skip58
\LTpost=\skip59
\LTchunksize=\count114
\LTcapwidth=\dimen133
\LT@head=\box30
\LT@firsthead=\box31
\LT@foot=\box32
\LT@lastfoot=\box33
\LT@cols=\count115
\LT@rows=\count116
\c@LT@tables=\count117
\c@LT@chunks=\count118
\LT@p@ftn=\toks22
)
(/opt/texlive/2019/texmf-dist/tex/latex/oberdiek/pdflscape.sty
Package: pdflscape 2016/05/14 v0.11 Display of landscape pages in PDF (HO)

(/opt/texlive/2019/texmf-dist/tex/latex/graphics/lscape.sty
Package: lscape 2000/10/22 v3.01 Landscape Pages (DPC)
)
Package pdflscape Info: Auto-detected driver: pdftex on input line 81.
)
(/opt/texlive/2019/texmf-dist/tex/latex/colortbl/colortbl.sty
Package: colortbl 2018/12/12 v1.0d Color table columns (DPC)

(/opt/texlive/2019/texmf-dist/tex/latex/tools/array.sty
Package: array 2018/12/30 v2.4k Tabular extension package (FMi)
\col@sep=\dimen134
\ar@mcellbox=\box34
\extrarowheight=\dimen135
\NC@list=\toks23
\extratabsurround=\skip60
\backup@length=\skip61
\ar@cellbox=\box35
)
\everycr=\toks24
\minrowclearance=\skip62
)
(/opt/texlive/2019/texmf-dist/tex/latex/shorttoc/shorttoc.sty
Package: shorttoc 2002/08/20 v1.3 Short table of contents (JPFD)
)
(/opt/texlive/2019/texmf-dist/tex/latex/tocloft/tocloft.sty
Package: tocloft 2017/08/31 v2.3i parameterised ToC, etc., typesetting
Package tocloft Info: The document has chapter divisions on input line 51.
\cftparskip=\skip63
\cftbeforetoctitleskip=\skip64
\cftaftertoctitleskip=\skip65
\cftbeforepartskip=\skip66
\cftpartnumwidth=\skip67
\cftpartindent=\skip68
\cftbeforechapskip=\skip69
\cftchapindent=\skip70
\cftchapnumwidth=\skip71
\cftbeforesecskip=\skip72
\cftsecindent=\skip73
\cftsecnumwidth=\skip74
\cftbeforesubsecskip=\skip75
\cftsubsecindent=\skip76
\cftsubsecnumwidth=\skip77
\cftbeforesubsubsecskip=\skip78
\cftsubsubsecindent=\skip79
\cftsubsubsecnumwidth=\skip80
\cftbeforeparaskip=\skip81
\cftparaindent=\skip82
\cftparanumwidth=\skip83
\cftbeforesubparaskip=\skip84
\cftsubparaindent=\skip85
\cftsubparanumwidth=\skip86
\cftbeforeloftitleskip=\skip87
\cftafterloftitleskip=\skip88
\cftbeforefigskip=\skip89
\cftfigindent=\skip90
\cftfignumwidth=\skip91
\c@lofdepth=\count119
\c@lotdepth=\count120
\cftbeforelottitleskip=\skip92
\cftafterlottitleskip=\skip93
\cftbeforetabskip=\skip94
\cfttabindent=\skip95
\cfttabnumwidth=\skip96
)
(/opt/texlive/2019/texmf-dist/tex/latex/tools/multicol.sty
Package: multicol 2018/12/27 v1.8v multicolumn formatting (FMi)
\c@tracingmulticols=\count121
\mult@box=\box36
\multicol@leftmargin=\dimen136
\c@unbalance=\count122
\c@collectmore=\count123
\doublecol@number=\count124
\multicoltolerance=\count125
\multicolpretolerance=\count126
\full@width=\dimen137
\page@free=\dimen138
\premulticols=\dimen139
\postmulticols=\dimen140
\multicolsep=\skip97
\multicolbaselineskip=\skip98
\partial@page=\box37
\last@line=\box38
\maxbalancingoverflow=\dimen141
\mult@rightbox=\box39
\mult@grightbox=\box40
\mult@gfirstbox=\box41
\mult@firstbox=\box42
\@tempa=\box43
\@tempa=\box44
\@tempa=\box45
\@tempa=\box46
\@tempa=\box47
\@tempa=\box48
\@tempa=\box49
\@tempa=\box50
\@tempa=\box51
\@tempa=\box52
\@tempa=\box53
\@tempa=\box54
\@tempa=\box55
\@tempa=\box56
\@tempa=\box57
\@tempa=\box58
\@tempa=\box59
\c@columnbadness=\count127
\c@finalcolumnbadness=\count128
\last@try=\dimen142
\multicolovershoot=\dimen143
\multicolundershoot=\dimen144
\mult@nat@firstbox=\box60
\colbreak@box=\box61
\mc@col@check@num=\count129
)
(/opt/texlive/2019/texmf-dist/tex/latex/fancyhdr/fancyhdr.sty
Package: fancyhdr 2019/01/31 v3.10 Extensive control of page headers and footer
s
\f@nch@headwidth=\skip99
\f@nch@O@elh=\skip100
\f@nch@O@erh=\skip101
\f@nch@O@olh=\skip102
\f@nch@O@orh=\skip103
\f@nch@O@elf=\skip104
\f@nch@O@erf=\skip105
\f@nch@O@olf=\skip106
\f@nch@O@orf=\skip107
)
(/opt/texlive/2019/texmf-dist/tex/latex/parskip/parskip.sty
Package: parskip 2019-01-16 v2.0c non-zero parskip adjustments

(/opt/texlive/2019/texmf-dist/tex/latex/etoolbox/etoolbox.sty
Package: etoolbox 2018/08/19 v2.5f e-TeX tools for LaTeX (JAW)
\etb@tempcnta=\count130
))
(/opt/texlive/2019/texmf-dist/tex/latex/listings/listings.sty
\lst@mode=\count131
\lst@gtempboxa=\box62
\lst@token=\toks25
\lst@length=\count132
\lst@currlwidth=\dimen145
\lst@column=\count133
\lst@pos=\count134
\lst@lostspace=\dimen146
\lst@width=\dimen147
\lst@newlines=\count135
\lst@lineno=\count136
\lst@maxwidth=\dimen148

(/opt/texlive/2019/texmf-dist/tex/latex/listings/lstmisc.sty
File: lstmisc.sty 2019/02/27 1.8b (Carsten Heinz)
\c@lstnumber=\count137
\lst@skipnumbers=\count138
\lst@framebox=\box63
)
(/opt/texlive/2019/texmf-dist/tex/latex/listings/listings.cfg
File: listings.cfg 2019/02/27 1.8b listings configuration
))
Package: listings 2019/02/27 1.8b (Carsten Heinz)

No file UsersGuide.aux.
\openout1 = `UsersGuide.aux'.

LaTeX Font Info:    Checking defaults for OML/cmm/m/it on input line 232.
LaTeX Font Info:    ... okay on input line 232.
LaTeX Font Info:    Checking defaults for T1/cmr/m/n on input line 232.
LaTeX Font Info:    ... okay on input line 232.
LaTeX Font Info:    Checking defaults for OT1/cmr/m/n on input line 232.
LaTeX Font Info:    ... okay on input line 232.
LaTeX Font Info:    Checking defaults for OMS/cmsy/m/n on input line 232.
LaTeX Font Info:    ... okay on input line 232.
LaTeX Font Info:    Checking defaults for OMX/cmex/m/n on input line 232.
LaTeX Font Info:    ... okay on input line 232.
LaTeX Font Info:    Checking defaults for U/cmr/m/n on input line 232.
LaTeX Font Info:    ... okay on input line 232.
LaTeX Font Info:    Checking defaults for PD1/pdf/m/n on input line 232.
LaTeX Font Info:    ... okay on input line 232.
*geometry* driver: auto-detecting
*geometry* detected driver: pdftex
*geometry* verbose mode - [ preamble ] result:
* driver: pdftex
* paper: <default>
* layout: <same size as paper>
* layoutoffset:(h,v)=(0.0pt,0.0pt)
* modes: twoside 
* h-part:(L,W,R)=(72.26999pt, 469.75502pt, 72.26999pt)
* v-part:(T,H,B)=(72.26999pt, 650.43001pt, 72.26999pt)
* \paperwidth=614.295pt
* \paperheight=794.96999pt
* \textwidth=469.75502pt
* \textheight=650.43001pt
* \oddsidemargin=0.0pt
* \evensidemargin=0.0pt
* \topmargin=-31.8738pt
* \headheight=12.0pt
* \headsep=19.8738pt
* \topskip=11.0pt
* \footskip=27.46295pt
* \marginparwidth=54.2025pt
* \marginparsep=7.0pt
* \columnsep=10.0pt
* \skip\footins=10.0pt plus 4.0pt minus 2.0pt
* \hoffset=0.0pt
* \voffset=0.0pt
* \mag=1000
* \@twocolumnfalse
* \@twosidetrue
* \@mparswitchtrue
* \@reversemarginfalse
* (1in=72.27pt=25.4mm, 1cm=28.453pt)

(/opt/texlive/2019/texmf-dist/tex/context/base/mkii/supp-pdf.mkii
[Loading MPS to PDF converter (version 2006.09.02).]
\scratchcounter=\count139
\scratchdimen=\dimen149
\scratchbox=\box64
\nofMPsegments=\count140
\nofMParguments=\count141
\everyMPshowfont=\toks26
\MPscratchCnt=\count142
\MPscratchDim=\dimen150
\MPnumerator=\count143
\makeMPintoPDFobject=\count144
\everyMPtoPDFconversion=\toks27
) (/opt/texlive/2019/texmf-dist/tex/latex/oberdiek/epstopdf-base.sty
Package: epstopdf-base 2016/05/15 v2.6 Base part for package epstopdf

(/opt/texlive/2019/texmf-dist/tex/latex/oberdiek/grfext.sty
Package: grfext 2016/05/16 v1.2 Manage graphics extensions (HO)
)
Package epstopdf-base Info: Redefining graphics rule for `.eps' on input line 4
38.
Package grfext Info: Graphics extension search list:
(grfext)             [.pdf,.png,.jpg,.mps,.jpeg,.jbig2,.jb2,.PDF,.PNG,.JPG,.JPE
G,.JBIG2,.JB2,.eps]
(grfext)             \AppendGraphicsExtensions on input line 456.

(/opt/texlive/2019/texmf-dist/tex/latex/latexconfig/epstopdf-sys.cfg
File: epstopdf-sys.cfg 2010/07/13 v1.3 Configuration of (r)epstopdf for TeX Liv
e
))
\AtBeginShipoutBox=\box65
Package hyperref Info: Link coloring OFF on input line 232.

(/opt/texlive/2019/texmf-dist/tex/latex/hyperref/nameref.sty
Package: nameref 2016/05/21 v2.44 Cross-referencing by name of section

(/opt/texlive/2019/texmf-dist/tex/generic/oberdiek/gettitlestring.sty
Package: gettitlestring 2016/05/16 v1.5 Cleanup title references (HO)
)
\c@section@level=\count145
)
LaTeX Info: Redefining \ref on input line 232.
LaTeX Info: Redefining \pageref on input line 232.
LaTeX Info: Redefining \nameref on input line 232.
\@outlinefile=\write3
\openout3 = `UsersGuide.out'.

\c@lstlisting=\count146
LaTeX Font Info:    Try loading font information for U+msa on input line 249.

(/opt/texlive/2019/texmf-dist/tex/latex/amsfonts/umsa.fd
File: umsa.fd 2013/01/14 v3.01 AMS symbols A
)
LaTeX Font Info:    Try loading font information for U+msb on input line 249.

(/opt/texlive/2019/texmf-dist/tex/latex/amsfonts/umsb.fd
File: umsb.fd 2013/01/14 v3.01 AMS symbols B
) [1



{/opt/texlive/2019/texmf-var/fonts/map/pdftex/updmap/pdftex.map}] [2

] (./Preface/Preface.tex
Underfull \hbox (badness 10000) in paragraph at lines 23--32

 []

)
Overfull \hbox (44.72714pt too wide) in paragraph at lines 34--287
\OT1/cmr/m/n/10.95 For ques-tions about ob-tain-ing/us-ing the code or this Use
r's Guide, con-tact Ann Alm-gren \OT1/cmtt/m/n/10.95 ASAlmgren@lbl.gov
 []

[1

] [2

] [3] [4]
Chapter 1.
(./Introduction/Introduction.tex
LaTeX Font Info:    Try loading font information for OMS+cmr on input line 14.

(/opt/texlive/2019/texmf-dist/tex/latex/base/omscmr.fd
File: omscmr.fd 2014/09/29 v2.5h Standard LaTeX font definitions
)
LaTeX Font Info:    Font shape `OMS/cmr/m/n' in size <10.95> not available
(Font)              Font shape `OMS/cmsy/m/n' tried instead on input line 14.


LaTeX Warning: Citation `IAMR' on page 5 undefined on input line 17.

[5

]
Overfull \hbox (0.53618pt too wide) in paragraph at lines 35--35
|[]\OT1/cmr/bx/n/14.4 The Variable-Density In-com-press-ible Navier-Stokes Equa
-tions| 
 []


LaTeX Warning: Citation `leveque' on page 6 undefined on input line 104.

[6]

LaTeX Warning: Reference `eq:incompressible_u' on page 7 undefined on input lin
e 133.


LaTeX Warning: Reference `eq:decomposition' on page 7 undefined on input line 1
47.


LaTeX Warning: Citation `bellMarcus:1992b' on page 7 undefined on input line 16
2.


LaTeX Warning: Citation `almgren:bell:crutchfield' on page 7 undefined on input
 line 166.


LaTeX Warning: Citation `almgrenBellSzymczak:1996' on page 7 undefined on input
 line 170.


LaTeX Warning: Citation `bellColellaHowell:1991' on page 7 undefined on input l
ine 172.

) [7] [8] [9

] [10]
Chapter 2.
(./GettingStarted/GettingStarted.tex [11

] [12]

LaTeX Warning: Reference `Fig:Amrvis' on page 13 undefined on input line 172.

[13]
Package epstopdf Info: Source file: <./GettingStarted/IAMR_Plot.eps>
(epstopdf)                    date: 2020-10-13 16:37:30
(epstopdf)                    size: 151749 bytes
(epstopdf)             Output file: <./GettingStarted/IAMR_Plot-eps-converted-t
o.pdf>
(epstopdf)             Command: <repstopdf --outfile=./GettingStarted/IAMR_Plot
-eps-converted-to.pdf ./GettingStarted/IAMR_Plot.eps>
(epstopdf)             \includegraphics on input line 190.
runsystem(repstopdf --outfile=./GettingStarted/IAMR_Plot-eps-converted-to.pdf .
/GettingStarted/IAMR_Plot.eps)...executed safely (allowed).

Package epstopdf Info: Result file: <./GettingStarted/IAMR_Plot-eps-converted-t
o.pdf>
(epstopdf)                    date: 2020-11-03 14:17:49
(epstopdf)                    size: 23528 bytes.
<./GettingStarted/IAMR_Plot-eps-converted-to.pdf, id=128, 365.365pt x 473.77pt>

File: ./GettingStarted/IAMR_Plot-eps-converted-to.pdf Graphic file (type pdf)
<use ./GettingStarted/IAMR_Plot-eps-converted-to.pdf>
Package pdftex.def Info: ./GettingStarted/IAMR_Plot-eps-converted-to.pdf  used 
on input line 190.
(pdftex.def)             Requested size: 180.67499pt x 234.28192pt.
) [14 <./GettingStarted/IAMR_Plot-eps-converted-to.pdf>]
Chapter 3.
(./Inputs/Inputs.tex [15

] [16] [17]

LaTeX Warning: Citation `br-refine' on page 18 undefined on input line 169.


Underfull \hbox (badness 10000) in paragraph at lines 199--201

 []

[18] [19]

LaTeX Warning: Reference `eq:cfl' on page 20 undefined on input line 319.

[20]
Overfull \hbox (51.38434pt too wide) in paragraph at lines 425--427
[]\OT1/cmtt/m/n/10.95 amr.plotfile[]on[]restart \OT1/cmr/m/n/10.95 and \OT1/cmt
t/m/n/10.95 amr.checkpoint[]on[]restart \OT1/cmr/m/n/10.95 only take ef-fect if
 \OT1/cmtt/m/n/10.95 amr.regrid[]on[]restart
 []

[21] [22]) [23] [24]
Chapter 4.
(./UnitsAndConstants/Units.tex) [25

] [26

]
Chapter 5.
(./Software/Software.tex [27] [28] [29]
Underfull \vbox (badness 10000) has occurred while \output is active []

 [30]
Overfull \hbox (40.54399pt too wide) in paragraph at lines 219--220
[][][][][][][][][][][][][][][][][][][][][][][][][][][][][][][] 
 []


Overfull \hbox (27.43964pt too wide) in paragraph at lines 252--258
\OT1/cmtt/m/n/10.95 &fortin \OT1/cmr/m/n/10.95 namelist and read-ing in an ini-
tial model (usu-ally through the \OT1/cmtt/m/n/10.95 model[]parser[]module\OT1/
cmr/m/n/10.95 ---
 []

[31] [32]
Overfull \hbox (9.79836pt too wide) in paragraph at lines 375--379
[]\OT1/cmr/m/n/10.95 This changes ac-cord-ing to re-fine-ment level: level-0 wi
ll range from \OT1/cmtt/m/n/10.95 0 \OT1/cmr/m/n/10.95 to \OT1/cmtt/m/n/10.95 a
mr.max[]grid[]size\OT1/cmr/m/n/10.95 ,
 []

[33] [34]
Overfull \hbox (28.07396pt too wide) in paragraph at lines 543--552
[]\OT1/cmr/m/n/10.95 For ex-am-ple, the fol-low-ing code demon-strates the call
-ing se-quence to cre-ate and use a \OT1/cmtt/m/n/10.95 FillPatchIterator
 []

[35] [36]) (./Parallel/Parallel.tex [37]

LaTeX Warning: Reference `sec:amrex0' on page 38 undefined on input line 104.

[38]

LaTeX Warning: Reference `fig:domain-tiling' on page 39 undefined on input line
 131.

Package epstopdf Info: Source file: <Parallel/domain-tile.eps>
(epstopdf)                    date: 2020-10-13 16:37:30
(epstopdf)                    size: 6421 bytes
(epstopdf)             Output file: <Parallel/domain-tile-eps-converted-to.pdf>

(epstopdf)             Command: <repstopdf --outfile=Parallel/domain-tile-eps-c
onverted-to.pdf Parallel/domain-tile.eps>
(epstopdf)             \includegraphics on input line 134.
runsystem(repstopdf --outfile=Parallel/domain-tile-eps-converted-to.pdf Paralle
l/domain-tile.eps)...executed safely (allowed).

Package epstopdf Info: Result file: <Parallel/domain-tile-eps-converted-to.pdf>

(epstopdf)                    date: 2020-11-03 14:17:49
(epstopdf)                    size: 4692 bytes.
<Parallel/domain-tile-eps-converted-to.pdf, id=526, 368.37625pt x 276.03125pt>
File: Parallel/domain-tile-eps-converted-to.pdf Graphic file (type pdf)
<use Parallel/domain-tile-eps-converted-to.pdf>
Package pdftex.def Info: Parallel/domain-tile-eps-converted-to.pdf  used on inp
ut line 134.
(pdftex.def)             Requested size: 375.80544pt x 281.59447pt.
[39 <./Parallel/domain-tile-eps-converted-to.pdf>]
Overfull \hbox (25.0975pt too wide) in paragraph at lines 176--181
[]\OT1/cmr/m/n/10.95 The tile size for the three spa-tial di-men-sions can be s
et by a pa-ram-e-ter, e.g., \OT1/cmtt/m/n/10.95 fabarray.mfiter[]tile[]size
 []

[40]) [41] [42

]
Chapter 6.
(./AMR/AMR.tex

LaTeX Warning: Reference `sec:tagging' on page 43 undefined on input line 11.

[43]
Overfull \hbox (3.0824pt too wide) in paragraph at lines 69--70
[]\OT1/cmtt/m/n/10.95 max[]pressgrad[]lev 
 []

[44]
Overfull \hbox (41.87819pt too wide) in paragraph at lines 158--158
[]                            \OT1/cmtt/m/n/10.95 state,state_l1,state_l2,state
_l3,state_h1,state_h2,state_h3,&[] 
 []

) [45

] [46

]
Chapter 7.
(./Visualization/Visualization.tex
Underfull \hbox (badness 10000) in paragraph at lines 10--11

 []


Underfull \hbox (badness 10000) in paragraph at lines 12--13

 []


Underfull \hbox (badness 10000) in paragraph at lines 14--15

 []


Underfull \hbox (badness 10000) in paragraph at lines 16--20

 []


Underfull \hbox (badness 10000) in paragraph at lines 21--22

 []


Underfull \hbox (badness 10000) in paragraph at lines 23--24

 []


Underfull \hbox (badness 10000) in paragraph at lines 25--26

 []


Underfull \hbox (badness 10000) in paragraph at lines 27--28

 []

[47]
Underfull \hbox (badness 10000) in paragraph at lines 29--30

 []

[48] [49] [50] [51] [52]
<Visualization/Slice_z_pressure.png, id=632, 758.835pt x 433.62pt>
File: Visualization/Slice_z_pressure.png Graphic file (type png)
<use Visualization/Slice_z_pressure.png>
Package pdftex.def Info: Visualization/Slice_z_pressure.png  used on input line
 400.
(pdftex.def)             Requested size: 433.62pt x 247.78792pt.
 [53 <./Visualization/Slice_z_pressure.png>] [54]
<Visualization/volume.png, id=645, 555.0336pt x 555.0336pt>
File: Visualization/volume.png Graphic file (type png)
<use Visualization/volume.png>
Package pdftex.def Info: Visualization/volume.png  used on input line 573.
(pdftex.def)             Requested size: 252.94499pt x 252.93872pt.


LaTeX Warning: `h' float specifier changed to `ht'.

[55]
<Visualization/isocontours.png, id=650, 578.16pt x 433.62pt>
File: Visualization/isocontours.png Graphic file (type png)
<use Visualization/isocontours.png>
Package pdftex.def Info: Visualization/isocontours.png  used on input line 645.

(pdftex.def)             Requested size: 289.07999pt x 216.80946pt.


LaTeX Warning: `h' float specifier changed to `ht'.

[56 <./Visualization/volume.png>] [57 <./Visualization/isocontours.png>]
<Visualization/LineQueryPlot_0_t_magvel.png, id=663, 722.7pt x 578.16pt>
File: Visualization/LineQueryPlot_0_t_magvel.png Graphic file (type png)
<use Visualization/LineQueryPlot_0_t_magvel.png>
Package pdftex.def Info: Visualization/LineQueryPlot_0_t_magvel.png  used on in
put line 776.
(pdftex.def)             Requested size: 289.07999pt x 231.2599pt.
<Visualization/Profile2D_1_Density_magvel_kineng.png, id=664, 722.7pt x 578.16p
t>
File: Visualization/Profile2D_1_Density_magvel_kineng.png Graphic file (type pn
g)
<use Visualization/Profile2D_1_Density_magvel_kineng.png>
Package pdftex.def Info: Visualization/Profile2D_1_Density_magvel_kineng.png  u
sed on input line 778.
(pdftex.def)             Requested size: 289.07999pt x 231.2599pt.


LaTeX Warning: `h' float specifier changed to `ht'.

[58] [59 <./Visualization/LineQueryPlot_0_t_magvel.png> <./Visualization/Profil
e2D_1_Density_magvel_kineng.png>]
<Visualization/OffAxisProjection_density.png, id=678, 617.1858pt x 462.528pt>
File: Visualization/OffAxisProjection_density.png Graphic file (type png)
<use Visualization/OffAxisProjection_density.png>
Package pdftex.def Info: Visualization/OffAxisProjection_density.png  used on i
nput line 842.
(pdftex.def)             Requested size: 289.07999pt x 216.64713pt.
) [60 <./Visualization/OffAxisProjection_density.png>]
No file UsersGuide.bbl.
Package atveryend Info: Empty hook `BeforeClearDocument' on input line 324.
Package atveryend Info: Empty hook `AfterLastShipout' on input line 324.
(./UsersGuide.aux)
Package atveryend Info: Executing hook `AtVeryEndDocument' on input line 324.
Package atveryend Info: Executing hook `AtEndAfterFileList' on input line 324.


Package rerunfilecheck Warning: File `UsersGuide.out' has changed.
(rerunfilecheck)                Rerun to get outlines right
(rerunfilecheck)                or use package `bookmark'.

Package rerunfilecheck Info: Checksums for `UsersGuide.out':
(rerunfilecheck)             Before: <no file>
(rerunfilecheck)             After:  290C341DBA29086E07219676A0001DAE;4130.

LaTeX Warning: There were undefined references.


LaTeX Warning: Label(s) may have changed. Rerun to get cross-references right.

Package atveryend Info: Empty hook `AtVeryVeryEnd' on input line 324.
 ) 
Here is how much of TeX's memory you used:
 10068 strings out of 494510
 140581 string characters out of 6176254
 279263 words of memory out of 5000000
 13128 multiletter control sequences out of 15000+600000
 18274 words of font info for 70 fonts, out of 8000000 for 9000
 36 hyphenation exceptions out of 8191
 32i,11n,43p,1199b,1802s stack positions out of 5000i,500n,10000p,200000b,80000s
</opt/texlive/2019/texmf-dist/fonts/type1/public/amsfonts/cm/cmbx10.pfb></opt
/texlive/2019/texmf-dist/fonts/type1/public/amsfonts/cm/cmbx12.pfb></opt/texliv
e/2019/texmf-dist/fonts/type1/public/amsfonts/cm/cmbx9.pfb></opt/texlive/2019/t
exmf-dist/fonts/type1/public/amsfonts/cm/cmex10.pfb></opt/texlive/2019/texmf-di
st/fonts/type1/public/amsfonts/cm/cmitt10.pfb></opt/texlive/2019/texmf-dist/fon
ts/type1/public/amsfonts/cm/cmmi10.pfb></opt/texlive/2019/texmf-dist/fonts/type
1/public/amsfonts/cm/cmmi8.pfb></opt/texlive/2019/texmf-dist/fonts/type1/public
/amsfonts/cm/cmmi9.pfb></opt/texlive/2019/texmf-dist/fonts/type1/public/amsfont
s/cm/cmr10.pfb></opt/texlive/2019/texmf-dist/fonts/type1/public/amsfonts/cm/cmr
12.pfb></opt/texlive/2019/texmf-dist/fonts/type1/public/amsfonts/cm/cmr17.pfb><
/opt/texlive/2019/texmf-dist/fonts/type1/public/amsfonts/cm/cmr6.pfb></opt/texl
ive/2019/texmf-dist/fonts/type1/public/amsfonts/cm/cmr8.pfb></opt/texlive/2019/
texmf-dist/fonts/type1/public/amsfonts/cm/cmr9.pfb></opt/texlive/2019/texmf-dis
t/fonts/type1/public/amsfonts/cm/cmsl10.pfb></opt/texlive/2019/texmf-dist/fonts
/type1/public/amsfonts/cm/cmsl12.pfb></opt/texlive/2019/texmf-dist/fonts/type1/
public/amsfonts/cm/cmss10.pfb></opt/texlive/2019/texmf-dist/fonts/type1/public/
amsfonts/cm/cmss12.pfb></opt/texlive/2019/texmf-dist/fonts/type1/public/amsfont
s/cm/cmss17.pfb></opt/texlive/2019/texmf-dist/fonts/type1/public/amsfonts/cm/cm
sy10.pfb></opt/texlive/2019/texmf-dist/fonts/type1/public/amsfonts/cm/cmsy8.pfb
></opt/texlive/2019/texmf-dist/fonts/type1/public/amsfonts/cm/cmti10.pfb></opt/
texlive/2019/texmf-dist/fonts/type1/public/amsfonts/cm/cmti12.pfb></opt/texlive
/2019/texmf-dist/fonts/type1/public/amsfonts/cm/cmtt10.pfb></opt/texlive/2019/t
exmf-dist/fonts/type1/public/amsfonts/cm/cmtt12.pfb>
Output written on UsersGuide.pdf (62 pages, 1326027 bytes).
PDF statistics:
 853 PDF objects out of 1000 (max. 8388607)
 737 compressed objects within 8 object streams
 420 named destinations out of 1000 (max. 500000)
 41 words of extra memory for PDF output out of 10000 (max. 10000000)

