\BOOKMARK [0][-]{chapter*.1}{preface}{}% 1
\BOOKMARK [-1][-]{part.1}{I Overview of the IAMR Algorithm}{}% 2
\BOOKMARK [0][-]{chapter.1}{Introduction}{part.1}% 3
\BOOKMARK [1][-]{section.1.1}{Overview}{chapter.1}% 4
\BOOKMARK [1][-]{section.1.2}{The Variable-Density Incompressible Navier-Stokes Equations}{chapter.1}% 5
\BOOKMARK [1][-]{section.1.3}{Brief Overview of Low Speed Approximations}{chapter.1}% 6
\BOOKMARK [2][-]{subsection.1.3.1}{Incompressible Hydrodynamics}{section.1.3}% 7
\BOOKMARK [1][-]{section.1.4}{Projection Methods 101}{chapter.1}% 8
\BOOKMARK [-1][-]{part.2}{II Using IAMR}{}% 9
\BOOKMARK [0][-]{chapter.2}{Getting Started}{part.2}% 10
\BOOKMARK [1][-]{section.2.1}{Downloading the Code}{chapter.2}% 11
\BOOKMARK [1][-]{section.2.2}{Building the Code}{chapter.2}% 12
\BOOKMARK [1][-]{section.2.3}{Running the Code}{chapter.2}% 13
\BOOKMARK [1][-]{section.2.4}{Visualization of the Results}{chapter.2}% 14
\BOOKMARK [0][-]{chapter.3}{Inputs Files}{part.2}% 15
\BOOKMARK [1][-]{section.3.1}{Common inputs Options}{chapter.3}% 16
\BOOKMARK [2][-]{subsection.3.1.1}{Problem Geometry}{section.3.1}% 17
\BOOKMARK [2][-]{subsection.3.1.2}{Domain Boundary Conditions}{section.3.1}% 18
\BOOKMARK [2][-]{subsection.3.1.3}{Resolution}{section.3.1}% 19
\BOOKMARK [2][-]{subsection.3.1.4}{Regridding}{section.3.1}% 20
\BOOKMARK [3][-]{subsubsection.3.1.4.1}{Getting good performance}{subsection.3.1.4}% 21
\BOOKMARK [3][-]{subsubsection.3.1.4.2}{How grids are created}{subsection.3.1.4}% 22
\BOOKMARK [2][-]{subsection.3.1.5}{Simulation Time}{section.3.1}% 23
\BOOKMARK [2][-]{subsection.3.1.6}{Time Step}{section.3.1}% 24
\BOOKMARK [2][-]{subsection.3.1.7}{Restart Capability}{section.3.1}% 25
\BOOKMARK [2][-]{subsection.3.1.8}{Controlling Plotfile Generation}{section.3.1}% 26
\BOOKMARK [2][-]{subsection.3.1.9}{Screen Output}{section.3.1}% 27
\BOOKMARK [2][-]{subsection.3.1.10}{Other parameters}{section.3.1}% 28
\BOOKMARK [0][-]{chapter.4}{Units and Constants}{part.2}% 29
\BOOKMARK [1][-]{section.4.1}{Units}{chapter.4}% 30
\BOOKMARK [0][-]{chapter.5}{Software Framework}{part.2}% 31
\BOOKMARK [1][-]{section.5.1}{Code structure}{chapter.5}% 32
\BOOKMARK [1][-]{section.5.2}{An Overview of IAMR}{chapter.5}% 33
\BOOKMARK [2][-]{subsection.5.2.1}{Geometry class}{section.5.2}% 34
\BOOKMARK [2][-]{subsection.5.2.2}{ParmParse class}{section.5.2}% 35
\BOOKMARK [2][-]{subsection.5.2.3}{IAMR Data Structures}{section.5.2}% 36
\BOOKMARK [3][-]{subsubsection.5.2.3.1}{State Data}{subsection.5.2.3}% 37
\BOOKMARK [1][-]{section.5.3}{Setting Up Your Own Problem}{chapter.5}% 38
\BOOKMARK [1][-]{section.5.4}{Boundaries}{chapter.5}% 39
\BOOKMARK [2][-]{subsection.5.4.1}{Boundaries Between Grids and Levels}{section.5.4}% 40
\BOOKMARK [2][-]{subsection.5.4.2}{Physical Boundaries}{section.5.4}% 41
\BOOKMARK [2][-]{subsection.5.4.3}{The FillPatchIterator}{section.5.4}% 42
\BOOKMARK [1][-]{section.5.5}{Parallel I/O}{chapter.5}% 43
\BOOKMARK [1][-]{section.5.6}{Parallelization}{chapter.5}% 44
\BOOKMARK [2][-]{subsection.5.6.1}{AMReX's Non-Tiling Approach In C++}{section.5.6}% 45
\BOOKMARK [2][-]{subsection.5.6.2}{AMReX's Current Tiling Approach In C++}{section.5.6}% 46
\BOOKMARK [2][-]{subsection.5.6.3}{Practical Details in Working with Tiling}{section.5.6}% 47
\BOOKMARK [0][-]{chapter.6}{AMR}{part.2}% 48
\BOOKMARK [1][-]{section.6.1}{Tagging for Refinement}{chapter.6}% 49
\BOOKMARK [0][-]{chapter.7}{Visualization}{part.2}% 50
\BOOKMARK [1][-]{section.7.1}{Controlling What's in the PlotFile}{chapter.7}% 51
\BOOKMARK [1][-]{section.7.2}{amrvis}{chapter.7}% 52
\BOOKMARK [1][-]{section.7.3}{VisIt}{chapter.7}% 53
\BOOKMARK [1][-]{section.7.4}{yt}{chapter.7}% 54
\BOOKMARK [2][-]{subsection.7.4.1}{AMReX Data}{section.7.4}% 55
\BOOKMARK [2][-]{subsection.7.4.2}{Interacting with yt: Command Line and Scripting}{section.7.4}% 56
\BOOKMARK [2][-]{subsection.7.4.3}{yt Basics}{section.7.4}% 57
\BOOKMARK [2][-]{subsection.7.4.4}{Data Containers and Selection}{section.7.4}% 58
\BOOKMARK [2][-]{subsection.7.4.5}{Grid Inspection}{section.7.4}% 59
\BOOKMARK [2][-]{subsection.7.4.6}{Example Scripts}{section.7.4}% 60
